Arguments: 
  /Users/mbhatla/.nvm/versions/node/v16.18.1/bin/node /usr/local/bin/yarn

PATH: 
  /Users/mbhatla/.nvm/versions/node/v16.18.1/bin:/usr/local/bin:/usr/bin:/bin:/usr/sbin:/sbin

Yarn version: 
  1.22.19

Node version: 
  16.18.1

Platform: 
  darwin arm64

Trace: 
  Error: ENOSPC: no space left on device, copyfile '/Users/mbhatla/Library/Caches/Yarn/v6/npm-@types-node-18.11.9-02d013de7058cea16d36168ef2fc653464cfbad4-integrity/node_modules/@types/node/buffer.d.ts' -> '/Users/mbhatla/Desktop/Projects/blogGoerli/node_modules/@jest/fake-timers/node_modules/@types/node/buffer.d.ts'

npm manifest: 
  {
    "name": "blog_goerli",
    "version": "0.1.0",
    "bin": {
      "blog_goerli": "bin/blog_goerli.js"
    },
    "scripts": {
      "build": "tsc",
      "watch": "tsc -w",
      "test": "jest",
      "cdk": "cdk"
    },
    "devDependencies": {
      "@types/jest": "^27.5.2",
      "@types/node": "10.17.27",
      "@types/prettier": "2.6.0",
      "aws-cdk": "2.50.0",
      "jest": "^27.5.1",
      "ts-jest": "^27.1.4",
      "ts-node": "^10.9.1",
      "typescript": "~3.9.7"
    },
    "dependencies": {
      "@aws-cdk/aws-apigateway": "^1.180.0",
      "@aws-cdk/aws-ec2": "^1.180.0",
      "@aws-cdk/aws-lambda": "^1.180.0",
      "aws-cdk-lib": "2.50.0",
      "constructs": "^10.0.0",
      "source-map-support": "^0.5.21"
    }
  }

yarn manifest: 
  No manifest

Lockfile: 
  No lockfile
